+ ./vAdd 10000000 32
Initializing input arrays.
Running sequential job.
	Sequential Job Time: 16.68 ms
Running parallel job.
	Parallel Job Time: 1.55 ms
Correct result. No errors were found.
+ ./vAdd 10000000 64
Initializing input arrays.
Running sequential job.
	Sequential Job Time: 16.86 ms
Running parallel job.
	Parallel Job Time: 0.98 ms
Correct result. No errors were found.
+ ./vAdd 10000000 128
Initializing input arrays.
Running sequential job.
	Sequential Job Time: 17.26 ms
Running parallel job.
	Parallel Job Time: 0.84 ms
Correct result. No errors were found.
+ ./vAdd 10000000 256
Initializing input arrays.
Running sequential job.
	Sequential Job Time: 15.71 ms
Running parallel job.
	Parallel Job Time: 0.85 ms
Correct result. No errors were found.
+ ./vAdd 10000000 512
Initializing input arrays.
Running sequential job.
	Sequential Job Time: 17.00 ms
Running parallel job.
	Parallel Job Time: 0.86 ms
Correct result. No errors were found.
+ ./vAdd 10000000 1024
Initializing input arrays.
Running sequential job.
	Sequential Job Time: 16.77 ms
Running parallel job.
	Parallel Job Time: 0.88 ms
Correct result. No errors were found.
+ ./vAdd 10000000 2048
Initializing input arrays.
Running sequential job.
	Sequential Job Time: 16.88 ms
Running parallel job.
	Parallel Job Time: 0.00 ms
Error starting element 0, 0 != 9
+ ./vAdd 1000000 1024
Initializing input arrays.
Running sequential job.
	Sequential Job Time: 0.90 ms
Running parallel job.
	Parallel Job Time: 0.10 ms
Correct result. No errors were found.
+ ./vAdd 100000 1024
Initializing input arrays.
Running sequential job.
	Sequential Job Time: 0.23 ms
Running parallel job.
	Parallel Job Time: 0.02 ms
Correct result. No errors were found.
+ ./vAdd 10000 1024
Initializing input arrays.
Running sequential job.
	Sequential Job Time: 0.03 ms
Running parallel job.
	Parallel Job Time: 0.04 ms
Correct result. No errors were found.
+ ./vAdd 1000 1024
Initializing input arrays.
Running sequential job.
	Sequential Job Time: 0.00 ms
Running parallel job.
	Parallel Job Time: 0.04 ms
Correct result. No errors were found.
+ ./vAdd 100 1024
Initializing input arrays.
Running sequential job.
	Sequential Job Time: 0.00 ms
Running parallel job.
	Parallel Job Time: 0.05 ms
Correct result. No errors were found.
+ ./vAdd 10 1024
Initializing input arrays.
Running sequential job.
	Sequential Job Time: 0.00 ms
Running parallel job.
	Parallel Job Time: 0.04 ms
Correct result. No errors were found.
